==============================================================================
Suites                                                                        
==============================================================================
Suites.GetAuthCode :: Suite description                                       
==============================================================================
verify get auth code                                                  | PASS |
------------------------------------------------------------------------------
verify get auth code                                                  | PASS |
------------------------------------------------------------------------------
verify get auth code                                                  | PASS |
------------------------------------------------------------------------------
verify get auth code                                                  | PASS |
------------------------------------------------------------------------------
verify get auth code                                                  | PASS |
------------------------------------------------------------------------------
verify get auth code                                                  | PASS |
------------------------------------------------------------------------------
verify get auth code                                                  | PASS |
------------------------------------------------------------------------------
verify get auth code                                                  | PASS |
------------------------------------------------------------------------------
verify get auth code                                                  | PASS |
------------------------------------------------------------------------------
verify get auth code                                                  | PASS |
------------------------------------------------------------------------------
verify get auth code                                                  | PASS |
------------------------------------------------------------------------------
verify get auth code                                                  | PASS |
------------------------------------------------------------------------------
verify get auth code                                                  | PASS |
------------------------------------------------------------------------------
Suites.GetAuthCode :: Suite description                               | PASS |
13 critical tests, 13 passed, 0 failed
13 tests total, 13 passed, 0 failed
==============================================================================
Suites                                                                | PASS |
13 critical tests, 13 passed, 0 failed
13 tests total, 13 passed, 0 failed
==============================================================================
Output:  C:\Users\AGebril\PycharmProjects\QC_Automation_Claim\Results\regression_results\pabot_results\4\output.xml
