==============================================================================
Suites                                                                        
==============================================================================
Suites.GetAllClaims :: Suite description                                      
==============================================================================
verify get claims                                                       
  Traceback (most recent call last):
    ~~~~~~~~~~~~~~~~~~~~~~~~~~~~~~~~~~~~~~~~~~~~~~~~~~~~~~~~~~~~~~~~~~~~~~~~~~
    File  C:\Users\AGebril\PycharmProjects\QC_Automation_Claim\Tests\GetAllClaims.robot:29
    T:  verify get claims    
    ~~~~~~~~~~~~~~~~~~~~~~~~~~~~~~~~~~~~~~~~~~~~~~~~~~~~~~~~~~~~~~~~~~~~~~~~~~
    File  C:\Users\AGebril\PycharmProjects\QC_Automation_Claim\Tests\GetAllClaims.robot:0
      Get_All_Submitted_Claims    http://claimsapi-qc.rasan.co/    /api/Claim/Claims?Status=10&PageNumber=1&PageSize=10    200    ["model"]["data"]["apiErrorOutputDTO"]["errorCode"]    1    
    ~~~~~~~~~~~~~~~~~~~~~~~~~~~~~~~~~~~~~~~~~~~~~~~~~~~~~~~~~~~~~~~~~~~~~~~~~~
    File  C:\Users\AGebril\PycharmProjects\QC_Automation_Claim\Tests\GetAllClaims.robot:0
      Get Request claim    ${sessionName}    ${URI}    ${StatusCode}    ${actual}    ${Expected}    ${RandomData}
      |  ${sessionName} = session_7689 (str)
      |  ${URI} = /api/Claim/Claims?Status=10&PageNumber=1&PageSize=10 (str)
      |  ${StatusCode} = 200 (str)
      |  ${actual} = <Unable to define variable value>
      |  ${Expected} = <Unable to define variable value>
      |  ${RandomData} = <Unable to define variable value>
    ~~~~~~~~~~~~~~~~~~~~~~~~~~~~~~~~~~~~~~~~~~~~~~~~~~~~~~~~~~~~~~~~~~~~~~~~~~
    File  C:\Users\AGebril\PycharmProjects\QC_Automation_Claim\Resources\Objects\API_Preferences.robot:0
      Get Request using data Driven Structure    ${sessionName}    ${Url}    ${StatusCode}
      |  ${sessionName} = session_7689 (str)
      |  ${Url} = <Unable to define variable value>
      |  ${StatusCode} = 200 (str)
    ~~~~~~~~~~~~~~~~~~~~~~~~~~~~~~~~~~~~~~~~~~~~~~~~~~~~~~~~~~~~~~~~~~~~~~~~~~
    File  C:\Users\AGebril\PycharmProjects\QC_Automation_Claim\Resources\Objects\API_Preferences.robot:0
      Status Should Be    ${statuscode}    ${resp}
      |  ${statuscode} = 200 (str)
      |  ${resp} = <Response [500]> (Response)
______________________________________________________________________________
| FAIL |
Url: http://claimsapi-qc.rasan.co/api/Claim/Claims?Status=10&PageNumber=1&PageSize=10 Expected status: 500 != 200
------------------------------------------------------------------------------
verify get claims                                                       
  Traceback (most recent call last):
    ~~~~~~~~~~~~~~~~~~~~~~~~~~~~~~~~~~~~~~~~~~~~~~~~~~~~~~~~~~~~~~~~~~~~~~~~~~
    File  C:\Users\AGebril\PycharmProjects\QC_Automation_Claim\Tests\GetAllClaims.robot:29
    T:  verify get claims    
    ~~~~~~~~~~~~~~~~~~~~~~~~~~~~~~~~~~~~~~~~~~~~~~~~~~~~~~~~~~~~~~~~~~~~~~~~~~
    File  C:\Users\AGebril\PycharmProjects\QC_Automation_Claim\Tests\GetAllClaims.robot:0
      Get_All_Submitted_Claims    http://claimsapi-qc.rasan.co/    /api/Claim/Claims?Status=11&PageNumber=1&PageSize=10    200    ["model"]["data"]["apiErrorOutputDTO"]["errorCode"]    1    
    ~~~~~~~~~~~~~~~~~~~~~~~~~~~~~~~~~~~~~~~~~~~~~~~~~~~~~~~~~~~~~~~~~~~~~~~~~~
    File  C:\Users\AGebril\PycharmProjects\QC_Automation_Claim\Tests\GetAllClaims.robot:0
      Get Request claim    ${sessionName}    ${URI}    ${StatusCode}    ${actual}    ${Expected}    ${RandomData}
      |  ${sessionName} = session_5949 (str)
      |  ${URI} = /api/Claim/Claims?Status=11&PageNumber=1&PageSize=10 (str)
      |  ${StatusCode} = 200 (str)
      |  ${actual} = <Unable to define variable value>
      |  ${Expected} = <Unable to define variable value>
      |  ${RandomData} = <Unable to define variable value>
    ~~~~~~~~~~~~~~~~~~~~~~~~~~~~~~~~~~~~~~~~~~~~~~~~~~~~~~~~~~~~~~~~~~~~~~~~~~
    File  C:\Users\AGebril\PycharmProjects\QC_Automation_Claim\Resources\Objects\API_Preferences.robot:0
      Get Request using data Driven Structure    ${sessionName}    ${Url}    ${StatusCode}
      |  ${sessionName} = session_5949 (str)
      |  ${Url} = <Unable to define variable value>
      |  ${StatusCode} = 200 (str)
    ~~~~~~~~~~~~~~~~~~~~~~~~~~~~~~~~~~~~~~~~~~~~~~~~~~~~~~~~~~~~~~~~~~~~~~~~~~
    File  C:\Users\AGebril\PycharmProjects\QC_Automation_Claim\Resources\Objects\API_Preferences.robot:0
      Status Should Be    ${statuscode}    ${resp}
      |  ${statuscode} = 200 (str)
      |  ${resp} = <Response [500]> (Response)
______________________________________________________________________________
| FAIL |
Url: http://claimsapi-qc.rasan.co/api/Claim/Claims?Status=11&PageNumber=1&PageSize=10 Expected status: 500 != 200
------------------------------------------------------------------------------
verify get claims                                                       
  Traceback (most recent call last):
    ~~~~~~~~~~~~~~~~~~~~~~~~~~~~~~~~~~~~~~~~~~~~~~~~~~~~~~~~~~~~~~~~~~~~~~~~~~
    File  C:\Users\AGebril\PycharmProjects\QC_Automation_Claim\Tests\GetAllClaims.robot:29
    T:  verify get claims    
    ~~~~~~~~~~~~~~~~~~~~~~~~~~~~~~~~~~~~~~~~~~~~~~~~~~~~~~~~~~~~~~~~~~~~~~~~~~
    File  C:\Users\AGebril\PycharmProjects\QC_Automation_Claim\Tests\GetAllClaims.robot:0
      Get_All_Submitted_Claims    http://claimsapi-qc.rasan.co/    /api/Claim/Claims?Status=12&PageNumber=1&PageSize=10    200    ["model"]["data"]["apiErrorOutputDTO"]["errorCode"]    1    
    ~~~~~~~~~~~~~~~~~~~~~~~~~~~~~~~~~~~~~~~~~~~~~~~~~~~~~~~~~~~~~~~~~~~~~~~~~~
    File  C:\Users\AGebril\PycharmProjects\QC_Automation_Claim\Tests\GetAllClaims.robot:0
      Get Request claim    ${sessionName}    ${URI}    ${StatusCode}    ${actual}    ${Expected}    ${RandomData}
      |  ${sessionName} = session_6715 (str)
      |  ${URI} = /api/Claim/Claims?Status=12&PageNumber=1&PageSize=10 (str)
      |  ${StatusCode} = 200 (str)
      |  ${actual} = <Unable to define variable value>
      |  ${Expected} = <Unable to define variable value>
      |  ${RandomData} = <Unable to define variable value>
    ~~~~~~~~~~~~~~~~~~~~~~~~~~~~~~~~~~~~~~~~~~~~~~~~~~~~~~~~~~~~~~~~~~~~~~~~~~
    File  C:\Users\AGebril\PycharmProjects\QC_Automation_Claim\Resources\Objects\API_Preferences.robot:0
      Get Request using data Driven Structure    ${sessionName}    ${Url}    ${StatusCode}
      |  ${sessionName} = session_6715 (str)
      |  ${Url} = <Unable to define variable value>
      |  ${StatusCode} = 200 (str)
    ~~~~~~~~~~~~~~~~~~~~~~~~~~~~~~~~~~~~~~~~~~~~~~~~~~~~~~~~~~~~~~~~~~~~~~~~~~
    File  C:\Users\AGebril\PycharmProjects\QC_Automation_Claim\Resources\Objects\API_Preferences.robot:0
      Status Should Be    ${statuscode}    ${resp}
      |  ${statuscode} = 200 (str)
      |  ${resp} = <Response [500]> (Response)
______________________________________________________________________________
| FAIL |
Url: http://claimsapi-qc.rasan.co/api/Claim/Claims?Status=12&PageNumber=1&PageSize=10 Expected status: 500 != 200
------------------------------------------------------------------------------
verify get claims                                                       
  Traceback (most recent call last):
    ~~~~~~~~~~~~~~~~~~~~~~~~~~~~~~~~~~~~~~~~~~~~~~~~~~~~~~~~~~~~~~~~~~~~~~~~~~
    File  C:\Users\AGebril\PycharmProjects\QC_Automation_Claim\Tests\GetAllClaims.robot:29
    T:  verify get claims    
    ~~~~~~~~~~~~~~~~~~~~~~~~~~~~~~~~~~~~~~~~~~~~~~~~~~~~~~~~~~~~~~~~~~~~~~~~~~
    File  C:\Users\AGebril\PycharmProjects\QC_Automation_Claim\Tests\GetAllClaims.robot:0
      Get_All_Submitted_Claims    http://claimsapi-qc.rasan.co/    /api/Claim/Claims?Status=16&PageNumber=1&PageSize=10    200    ["model"]["data"]["apiErrorOutputDTO"]["errorCode"]    1    
    ~~~~~~~~~~~~~~~~~~~~~~~~~~~~~~~~~~~~~~~~~~~~~~~~~~~~~~~~~~~~~~~~~~~~~~~~~~
    File  C:\Users\AGebril\PycharmProjects\QC_Automation_Claim\Tests\GetAllClaims.robot:0
      Get Request claim    ${sessionName}    ${URI}    ${StatusCode}    ${actual}    ${Expected}    ${RandomData}
      |  ${sessionName} = session_4516 (str)
      |  ${URI} = /api/Claim/Claims?Status=16&PageNumber=1&PageSize=10 (str)
      |  ${StatusCode} = 200 (str)
      |  ${actual} = <Unable to define variable value>
      |  ${Expected} = <Unable to define variable value>
      |  ${RandomData} = <Unable to define variable value>
    ~~~~~~~~~~~~~~~~~~~~~~~~~~~~~~~~~~~~~~~~~~~~~~~~~~~~~~~~~~~~~~~~~~~~~~~~~~
    File  C:\Users\AGebril\PycharmProjects\QC_Automation_Claim\Resources\Objects\API_Preferences.robot:0
      Get Request using data Driven Structure    ${sessionName}    ${Url}    ${StatusCode}
      |  ${sessionName} = session_4516 (str)
      |  ${Url} = <Unable to define variable value>
      |  ${StatusCode} = 200 (str)
    ~~~~~~~~~~~~~~~~~~~~~~~~~~~~~~~~~~~~~~~~~~~~~~~~~~~~~~~~~~~~~~~~~~~~~~~~~~
    File  C:\Users\AGebril\PycharmProjects\QC_Automation_Claim\Resources\Objects\API_Preferences.robot:0
      Status Should Be    ${statuscode}    ${resp}
      |  ${statuscode} = 200 (str)
      |  ${resp} = <Response [500]> (Response)
______________________________________________________________________________
| FAIL |
Url: http://claimsapi-qc.rasan.co/api/Claim/Claims?Status=16&PageNumber=1&PageSize=10 Expected status: 500 != 200
------------------------------------------------------------------------------
verify get claims                                                       
  Traceback (most recent call last):
    ~~~~~~~~~~~~~~~~~~~~~~~~~~~~~~~~~~~~~~~~~~~~~~~~~~~~~~~~~~~~~~~~~~~~~~~~~~
    File  C:\Users\AGebril\PycharmProjects\QC_Automation_Claim\Tests\GetAllClaims.robot:29
    T:  verify get claims    
    ~~~~~~~~~~~~~~~~~~~~~~~~~~~~~~~~~~~~~~~~~~~~~~~~~~~~~~~~~~~~~~~~~~~~~~~~~~
    File  C:\Users\AGebril\PycharmProjects\QC_Automation_Claim\Tests\GetAllClaims.robot:0
      Get_All_Submitted_Claims    http://claimsapi-qc.rasan.co/    /api/Claim/Claims?Status=30&PageNumber=1&PageSize=11    200    ["model"]["data"]["apiErrorOutputDTO"]["errorCode"]    185    
    ~~~~~~~~~~~~~~~~~~~~~~~~~~~~~~~~~~~~~~~~~~~~~~~~~~~~~~~~~~~~~~~~~~~~~~~~~~
    File  C:\Users\AGebril\PycharmProjects\QC_Automation_Claim\Tests\GetAllClaims.robot:0
      Get Request claim    ${sessionName}    ${URI}    ${StatusCode}    ${actual}    ${Expected}    ${RandomData}
      |  ${sessionName} = session_6757 (str)
      |  ${URI} = /api/Claim/Claims?Status=30&PageNumber=1&PageSize=11 (str)
      |  ${StatusCode} = 200 (str)
      |  ${actual} = <Unable to define variable value>
      |  ${Expected} = <Unable to define variable value>
      |  ${RandomData} = <Unable to define variable value>
    ~~~~~~~~~~~~~~~~~~~~~~~~~~~~~~~~~~~~~~~~~~~~~~~~~~~~~~~~~~~~~~~~~~~~~~~~~~
    File  C:\Users\AGebril\PycharmProjects\QC_Automation_Claim\Resources\Objects\API_Preferences.robot:0
      Get Request using data Driven Structure    ${sessionName}    ${Url}    ${StatusCode}
      |  ${sessionName} = session_6757 (str)
      |  ${Url} = <Unable to define variable value>
      |  ${StatusCode} = 200 (str)
    ~~~~~~~~~~~~~~~~~~~~~~~~~~~~~~~~~~~~~~~~~~~~~~~~~~~~~~~~~~~~~~~~~~~~~~~~~~
    File  C:\Users\AGebril\PycharmProjects\QC_Automation_Claim\Resources\Objects\API_Preferences.robot:0
      Status Should Be    ${statuscode}    ${resp}
      |  ${statuscode} = 200 (str)
      |  ${resp} = <Response [500]> (Response)
______________________________________________________________________________
| FAIL |
Url: http://claimsapi-qc.rasan.co/api/Claim/Claims?Status=30&PageNumber=1&PageSize=11 Expected status: 500 != 200
------------------------------------------------------------------------------
verify get claims                                                       
  Traceback (most recent call last):
    ~~~~~~~~~~~~~~~~~~~~~~~~~~~~~~~~~~~~~~~~~~~~~~~~~~~~~~~~~~~~~~~~~~~~~~~~~~
    File  C:\Users\AGebril\PycharmProjects\QC_Automation_Claim\Tests\GetAllClaims.robot:29
    T:  verify get claims    
    ~~~~~~~~~~~~~~~~~~~~~~~~~~~~~~~~~~~~~~~~~~~~~~~~~~~~~~~~~~~~~~~~~~~~~~~~~~
    File  C:\Users\AGebril\PycharmProjects\QC_Automation_Claim\Tests\GetAllClaims.robot:0
      Get_All_Submitted_Claims    http://claimsapi-qc.rasan.co/    /api/Claim/Claims?PageNumber=1&PageSize=10&ChannelId=2    200    ["model"]["data"]["apiErrorOutputDTO"]["errorCode"]    185    
    ~~~~~~~~~~~~~~~~~~~~~~~~~~~~~~~~~~~~~~~~~~~~~~~~~~~~~~~~~~~~~~~~~~~~~~~~~~
    File  C:\Users\AGebril\PycharmProjects\QC_Automation_Claim\Tests\GetAllClaims.robot:0
      Get Request claim    ${sessionName}    ${URI}    ${StatusCode}    ${actual}    ${Expected}    ${RandomData}
      |  ${sessionName} = session_8764 (str)
      |  ${URI} = /api/Claim/Claims?PageNumber=1&PageSize=10&ChannelId=2 (str)
      |  ${StatusCode} = 200 (str)
      |  ${actual} = <Unable to define variable value>
      |  ${Expected} = <Unable to define variable value>
      |  ${RandomData} = <Unable to define variable value>
    ~~~~~~~~~~~~~~~~~~~~~~~~~~~~~~~~~~~~~~~~~~~~~~~~~~~~~~~~~~~~~~~~~~~~~~~~~~
    File  C:\Users\AGebril\PycharmProjects\QC_Automation_Claim\Resources\Objects\API_Preferences.robot:0
      Get Request using data Driven Structure    ${sessionName}    ${Url}    ${StatusCode}
      |  ${sessionName} = session_8764 (str)
      |  ${Url} = <Unable to define variable value>
      |  ${StatusCode} = 200 (str)
    ~~~~~~~~~~~~~~~~~~~~~~~~~~~~~~~~~~~~~~~~~~~~~~~~~~~~~~~~~~~~~~~~~~~~~~~~~~
    File  C:\Users\AGebril\PycharmProjects\QC_Automation_Claim\Resources\Objects\API_Preferences.robot:0
      Status Should Be    ${statuscode}    ${resp}
      |  ${statuscode} = 200 (str)
      |  ${resp} = <Response [500]> (Response)
______________________________________________________________________________
| FAIL |
Url: http://claimsapi-qc.rasan.co/api/Claim/Claims?PageNumber=1&PageSize=10&ChannelId=2 Expected status: 500 != 200
------------------------------------------------------------------------------
verify get claims                                                       
  Traceback (most recent call last):
    ~~~~~~~~~~~~~~~~~~~~~~~~~~~~~~~~~~~~~~~~~~~~~~~~~~~~~~~~~~~~~~~~~~~~~~~~~~
    File  C:\Users\AGebril\PycharmProjects\QC_Automation_Claim\Tests\GetAllClaims.robot:29
    T:  verify get claims    
    ~~~~~~~~~~~~~~~~~~~~~~~~~~~~~~~~~~~~~~~~~~~~~~~~~~~~~~~~~~~~~~~~~~~~~~~~~~
    File  C:\Users\AGebril\PycharmProjects\QC_Automation_Claim\Tests\GetAllClaims.robot:0
      Get_All_Submitted_Claims    http://claimsapi-qc.rasan.co/    /api/Claim/Claims?SubmissionDateFrom=01%2F01%2F2023&SubmissionDateTo=01%2F02%2F2023&PageNumber=1&PageSize=10    200    ["model"]["data"]["apiErrorOutputDTO"]["errorCode"]    185    
    ~~~~~~~~~~~~~~~~~~~~~~~~~~~~~~~~~~~~~~~~~~~~~~~~~~~~~~~~~~~~~~~~~~~~~~~~~~
    File  C:\Users\AGebril\PycharmProjects\QC_Automation_Claim\Tests\GetAllClaims.robot:0
      Get Request claim    ${sessionName}    ${URI}    ${StatusCode}    ${actual}    ${Expected}    ${RandomData}
      |  ${sessionName} = session_5620 (str)
      |  ${URI} = /api/Claim/Claims?SubmissionDateFrom=01%2F01%2F2023&SubmissionDateTo=01%2F02%2F2023&PageNumber=1&PageSize=10 (str)
      |  ${StatusCode} = 200 (str)
      |  ${actual} = <Unable to define variable value>
      |  ${Expected} = <Unable to define variable value>
      |  ${RandomData} = <Unable to define variable value>
    ~~~~~~~~~~~~~~~~~~~~~~~~~~~~~~~~~~~~~~~~~~~~~~~~~~~~~~~~~~~~~~~~~~~~~~~~~~
    File  C:\Users\AGebril\PycharmProjects\QC_Automation_Claim\Resources\Objects\API_Preferences.robot:0
      Get Request using data Driven Structure    ${sessionName}    ${Url}    ${StatusCode}
      |  ${sessionName} = session_5620 (str)
      |  ${Url} = <Unable to define variable value>
      |  ${StatusCode} = 200 (str)
    ~~~~~~~~~~~~~~~~~~~~~~~~~~~~~~~~~~~~~~~~~~~~~~~~~~~~~~~~~~~~~~~~~~~~~~~~~~
    File  C:\Users\AGebril\PycharmProjects\QC_Automation_Claim\Resources\Objects\API_Preferences.robot:0
      Status Should Be    ${statuscode}    ${resp}
      |  ${statuscode} = 200 (str)
      |  ${resp} = <Response [500]> (Response)
______________________________________________________________________________
| FAIL |
Url: http://claimsapi-qc.rasan.co/api/Claim/Claims?SubmissionDateFrom=01%2F01%2F2023&SubmissionDateTo=01%2F02%2F2023&PageNumber=1&PageSize=10 Expected status: 500 != 200
------------------------------------------------------------------------------
Suites.GetAllClaims :: Suite description                              | FAIL |
7 critical tests, 0 passed, 7 failed
7 tests total, 0 passed, 7 failed
==============================================================================
Suites                                                                | FAIL |
7 critical tests, 0 passed, 7 failed
7 tests total, 0 passed, 7 failed
==============================================================================
Output:  C:\Users\AGebril\PycharmProjects\QC_Automation_Claim\Results\regression_results\pabot_results\3\output.xml
