==============================================================================
Suites                                                                        
==============================================================================
Suites.ClaimSub :: Suite description                                          
==============================================================================
Manual-Enter Valid Channel ID                                         | PASS |
------------------------------------------------------------------------------
Manual-Enter InValid Channel ID                                       | PASS |
------------------------------------------------------------------------------
Manual-Enter Channel ID as string                                     | PASS |
------------------------------------------------------------------------------
Post-Enter Lessee National Number Is InValid Format                   | PASS |
------------------------------------------------------------------------------
Post-Enter Lessee National Number Expiry Date In Month Day Year Fo... | PASS |
------------------------------------------------------------------------------
Manual-Enter Lessee Arabic Full Name AS blank                         | PASS |
------------------------------------------------------------------------------
Manual-Enter Lessee Arabic Full Name AS EN                            | PASS |
------------------------------------------------------------------------------
Manual-Enter Lessee Arabic Full Name AS AR                            | PASS |
------------------------------------------------------------------------------
Manual-Enter Lessee Arabic First Name AS blank                        