==============================================================================
Suites                                                                        
==============================================================================
Suites.UpdateIC :: Suite description                                          
==============================================================================
Enter ID as blank                                                     | PASS |
------------------------------------------------------------------------------
Enter ID as not found                                                 | PASS |
------------------------------------------------------------------------------
 Enter Insurance Arabic Name AS blank                                 | PASS |
------------------------------------------------------------------------------
Enter Insurance Arabic Name AS EN                                     | PASS |
------------------------------------------------------------------------------
 Enter Insurance Arabic Name AS AR                                    | PASS |
------------------------------------------------------------------------------
 Enter Insurance Arabic Name AS numbers                               | PASS |
------------------------------------------------------------------------------
 Enter Insurance Arabic Name AS Special Characters and spaces         | PASS |
------------------------------------------------------------------------------
Enter Insurance English Name AS blank                                 | PASS |
------------------------------------------------------------------------------
Enter Insurance English Name AS EN                                    | PASS |
------------------------------------------------------------------------------
Enter Insurance English Name AS AR                                    | PASS |
------------------------------------------------------------------------------
Enter Insurance English Name AS numbers                               | PASS |
------------------------------------------------------------------------------
 Enter Insurance English Name AS Special Characters                   | PASS |
------------------------------------------------------------------------------
 Enter Address AS blank                                               | PASS |
------------------------------------------------------------------------------
 Enter Address AS special characters                                  | PASS |
------------------------------------------------------------------------------
Enter phone more than max limit "10"                                  | PASS |
------------------------------------------------------------------------------
Enter phone less than accepted limit "10"                             | PASS |
------------------------------------------------------------------------------
Enter phone not start with "01"                                       | PASS |
------------------------------------------------------------------------------
Enter phone as blank                                                  | PASS |
------------------------------------------------------------------------------
Enter phone as string                                                 | PASS |
------------------------------------------------------------------------------
Enter phone as special characters and spaces                          | PASS |
------------------------------------------------------------------------------
Enter mobile more than max limit "10"                                 | PASS |
------------------------------------------------------------------------------
Enter mobile less than accepted limit "10"                            | PASS |
------------------------------------------------------------------------------
Enter mobile not start with "05"                                      | PASS |
------------------------------------------------------------------------------
Enter mobile as blank                                                 | PASS |
------------------------------------------------------------------------------
Enter mobile as string                                                | PASS |
------------------------------------------------------------------------------
Enter mobile as special characters and spaces                         | PASS |
------------------------------------------------------------------------------
Enter ServiceId as Zero                                               | PASS |
------------------------------------------------------------------------------
Enter ServiceId as blank                                              | PASS |
------------------------------------------------------------------------------
Enter ServiceId as not found                                          | PASS |
------------------------------------------------------------------------------
Enter ServiceId as String                                             | PASS |
------------------------------------------------------------------------------
Enter ServiceId as valid                                              | PASS |
------------------------------------------------------------------------------
Enter Repair Workshop ID as Zero                  ||ServiceID=7       | PASS |
------------------------------------------------------------------------------
Enter Repair Workshop ID as blank                ||ServiceID=7        | PASS |
------------------------------------------------------------------------------
Enter  Repair Workshop ID as not found        ||ServiceID=7           | PASS |
------------------------------------------------------------------------------
Enter Repair Workshop ID as String                ||ServiceID=7       | PASS |
------------------------------------------------------------------------------
Enter Repair Workshop ID as valid                  ||ServiceID=7      | PASS |
------------------------------------------------------------------------------
Enter Claim submission mode  as Zero           ||ServiceID=7          | PASS |
------------------------------------------------------------------------------
Enter Claim submission mode as blank          ||ServiceID=7           | PASS |
------------------------------------------------------------------------------
Suites.UpdateIC :: Suite description                                  | PASS |
38 critical tests, 38 passed, 0 failed
38 tests total, 38 passed, 0 failed
==============================================================================
Suites                                                                | PASS |
38 critical tests, 38 passed, 0 failed
38 tests total, 38 passed, 0 failed
==============================================================================
Output:  C:\Users\AGebril\PycharmProjects\QC_Automation_Claim\Results\smoke_results\pabot_results\7\output.xml
