==============================================================================
Suites                                                                        
==============================================================================
Suites.UpdateIC :: Suite description                                          
==============================================================================
Enter ID as blank                                                     | PASS |
------------------------------------------------------------------------------
Enter ID as string                                                    | PASS |
------------------------------------------------------------------------------
 Enter Insurance Arabic Name AS blank                                 | PASS |
------------------------------------------------------------------------------
Enter Insurance Arabic Name AS EN                                     | PASS |
------------------------------------------------------------------------------
 Enter Insurance Arabic Name AS AR                                    | PASS |
------------------------------------------------------------------------------
 Enter Insurance Arabic Name AS numbers                               | PASS |
------------------------------------------------------------------------------
 Enter Insurance Arabic Name AS Special Characters and spaces         | PASS |
------------------------------------------------------------------------------
Enter Insurance English Name AS blank                                 | PASS |
------------------------------------------------------------------------------
Enter Insurance English Name AS EN                                    | PASS |
------------------------------------------------------------------------------
Enter Insurance English Name AS AR                                    | PASS |
------------------------------------------------------------------------------
Enter Insurance English Name AS numbers                               | PASS |
------------------------------------------------------------------------------
 Enter Insurance English Name AS Special Characters                   | PASS |
------------------------------------------------------------------------------
 Enter Address AS blank                                               | PASS |
------------------------------------------------------------------------------
 Enter Address AS special characters                                  | PASS |
------------------------------------------------------------------------------
Enter phone more than max limit "10"                                  | PASS |
------------------------------------------------------------------------------
Enter Claim submission mode  as not found  ||ServiceID=7              | PASS |
------------------------------------------------------------------------------
Enter Claim submission mode  as String         ||ServiceID=7          | PASS |
------------------------------------------------------------------------------
Enter Claim submission mode  as valid           ||ServiceID=7         | PASS |
------------------------------------------------------------------------------
Enter EmailAddress and Portal link as blank   Submode=8               | PASS |
------------------------------------------------------------------------------
Enter EmailAddress as in valid format             Submode=8           | PASS |
------------------------------------------------------------------------------
Enter Portal Link as in valid format                  Submode=8       | PASS |
------------------------------------------------------------------------------
Enter EmailAddress as Zero or special Ch        Submode=8             | PASS |
------------------------------------------------------------------------------
Enter Portal Link as as Zero or special Ch        Submode=8           | PASS |
------------------------------------------------------------------------------
Enter EmailAddress and Portal link as blank   Submode=9               | PASS |
------------------------------------------------------------------------------
Enter EmailAddress as in valid format             Submode=9           | PASS |
------------------------------------------------------------------------------
Enter Portal Link as in valid format                  Submode=9       | PASS |
------------------------------------------------------------------------------
Enter EmailAddress as Zero or special Ch        Submode=9             | PASS |
------------------------------------------------------------------------------
Enter Portal Link as as Zero or special Ch        Submode=9           | PASS |
------------------------------------------------------------------------------
Enter Logo as blank                                                   | PASS |
------------------------------------------------------------------------------
Enter Logo as wrong format                                            | PASS |
------------------------------------------------------------------------------
Enter Logo as valid format(jpg,png)                                   | PASS |
------------------------------------------------------------------------------
Enter Logo more than maximum limit (5 mb)                             | PASS |
------------------------------------------------------------------------------
Enter IC header as blank                                              | PASS |
------------------------------------------------------------------------------
Enter IC header as wrong format                                       | PASS |
------------------------------------------------------------------------------
Enter IC header as valid format(jpg,png)                              | PASS |
------------------------------------------------------------------------------
Enter IC header more than maximum limit (5 mb)                        | PASS |
------------------------------------------------------------------------------
Enter IC Footer as blank                                              | PASS |
------------------------------------------------------------------------------
Enter IC Footer as wrong format                                       | PASS |
------------------------------------------------------------------------------
Enter IC Footer as valid format(jpg,png)                              | PASS |
------------------------------------------------------------------------------
Enter IC Footer more than maximum limit (5 mb)                        | PASS |
------------------------------------------------------------------------------
Enter IC stamp as blank                                               | PASS |
------------------------------------------------------------------------------
Enter IC stamp as wrong format                                        | PASS |
------------------------------------------------------------------------------
Enter IC stamp as valid format(jpg,png)                               | PASS |
------------------------------------------------------------------------------
Enter IC stamp more than maximum limit (5 mb)                         | PASS |
------------------------------------------------------------------------------
Enter IC signature as blank                                           | PASS |
------------------------------------------------------------------------------
Enter IC signature as wrong format                                    | PASS |
------------------------------------------------------------------------------
Enter IC signature as valid format(jpg,png)                           | PASS |
------------------------------------------------------------------------------
Suites.UpdateIC :: Suite description                                  | PASS |
47 critical tests, 47 passed, 0 failed
47 tests total, 47 passed, 0 failed
==============================================================================
Suites                                                                | PASS |
47 critical tests, 47 passed, 0 failed
47 tests total, 47 passed, 0 failed
==============================================================================
Output:  C:\Users\AGebril\PycharmProjects\QC_Automation_Claim\Results\regression_results\pabot_results\7\output.xml
