==============================================================================
Suites                                                                        
==============================================================================
Suites.SetClaimRefNumber :: Suite description                                 
==============================================================================
verify set claimRefNumber                                             | PASS |
------------------------------------------------------------------------------
verify set claimRefNumber                                             | PASS |
------------------------------------------------------------------------------
verify set claimRefNumber                                             | PASS |
------------------------------------------------------------------------------
Suites.SetClaimRefNumber :: Suite description                         | PASS |
3 critical tests, 3 passed, 0 failed
3 tests total, 3 passed, 0 failed
==============================================================================
Suites                                                                | PASS |
3 critical tests, 3 passed, 0 failed
3 tests total, 3 passed, 0 failed
==============================================================================
Output:  C:\Users\AGebril\PycharmProjects\QC_Automation_Claim\Results\smoke_results\pabot_results\5\output.xml
